P84875 3.5e-26 1
P83606 2e-24 1
Q7YRQ8 4.7e-28 1
P86733 1.7e-28 1
Q8WPI2 3.1e-29 1
Q9WU03 5.5e-25 1
O43291 2.5e-26 1
O43278 5.1e-22 1
P62756 3.2e-22 1
Q9R097 2e-21 1
P00978 2.8e-22 1
P83609 5.6e-22 1
Q62577 2e-21 1
Q7TQN3 3e-26 1
Q07456 2.5e-21 1
P02760 1.5e-21 1
P04366 1e-21 1
Q6NUX0 1.5e-22 1
P00975 2.9e-35 1
P04815 6.3e-34 1
Q6ITB6 1.9e-32 1
Q6ITB5 2.3e-32 1
Q90WA0 2.3e-32 1
P00980 7.3e-32 1
P00982 1.1e-31 1
Q6ITB7 1.7e-31 1
Q90W98 2.2e-31 1
P00981 2.8e-31 1
P0DMJ6 4.2e-31 1
Q7LZS8 4.2e-31 1
P00985 5.6e-31 1
C0HLB2 6.3e-31 1
C0HJU7 5.9e-31 1
C0HK74 8.9e-31 1
P00984 1e-30 1
Q7LZE3 1e-30 1
Q6ITB0 1.7e-30 1
Q6ITB1 1.7e-30 1
P00979 1.8e-30 1
Q9TWG0 1.9e-30 1
B5L5R0 2e-30 1
B5G6G6 2e-30 1
P0DMJ5 2.3e-30 1
A6MGY1 4.3e-30 1
P0DN08 4.8e-30 1
B5L5M7 4.5e-30 1
P00986 4.3e-30 1
P0DN09 5.2e-30 1
P0DN06 6e-30 1
B5KL36 5.6e-30 1
Q6T6S5 6.1e-30 1
C1IC51 7.7e-30 1
B5KL37 9.9e-30 1
C1IC50 1.1e-29 1
P86862 1.5e-29 1
C0HJF3 1.4e-29 1
P0DN12 1.6e-29 1
C0HJF4 1.7e-29 1
C0HK73 1.9e-29 1
P00991 2.3e-29 1
B5KL40 2.7e-29 1
B5KL35 2.9e-29 1
Q9TWF8 3.9e-29 1
Q29100 3.6e-29 1
A6MFL4 4.3e-29 1
P0DMJ4 4.5e-29 1
P0DL86 4.9e-29 1
P24541 5.3e-29 1
P25660 5.6e-29 1
B5KL34 8.7e-29 1
P0DN13 1e-28 1
P0DN19 1.2e-28 1
B2G331 2.3e-28 1
P0DN10 2.4e-28 1
A8Y7N6 2.5e-28 1
A6MFL1 2.5e-28 1
A8Y7N7 2.6e-28 1
E7FL12 3.3e-28 1
B5L5R1 3.7e-28 1
E5AJX3 4.1e-28 1
Q6ITB3 4.5e-28 1
B5KL33 4.5e-28 1
P0DMJ2 5.3e-28 1
P0DN14 6.3e-28 1
B1B5I8 7.8e-28 1
P0DMJ3 8.2e-28 1
B5KL31 1.3e-27 1
P36992 3.8e-20 1
P15989 3.9e-27 1
B5KL30 2e-27 1
Q2ES48 2.1e-27 1
Q06481 2.1e-27 1
P15943 2.7e-27 1
Q28201 4.8e-27 1
P26228 3.3e-27 1
A8Y7P1 4.1e-27 1
B4ESA3 5.3e-27 1
P81548 7.8e-27 1
Q8AY41 1.4e-26 1
Q3UW55 2.6e-26 1
P82966 1.7e-26 1
D4A2Z2 3e-26 1
P0C8W3 2.9e-26 1
I2G9B4 3e-26 1
P00990 5.9e-26 1
P0DJ46 7.7e-26 1
P0C5J5 1.9e-21 1
A8Y7P6 9.5e-26 1
H6VC06 1.1e-25 1
H6VC05 1.3e-25 1
B4ESA4 1.5e-25 1
Q4KUS1 6.1e-25 1
B5L5Q1 1.8e-25 1
A8Y7P3 1.8e-25 1
O95925 3.7e-25 1
P86959 7.2e-25 1
B5KL28 5.5e-25 1
Q5ZPJ7 5.6e-25 1
A7X3V7 9.3e-25 1
P00983 9.5e-25 1
D2Y489 1.6e-24 1
P0DJ49 1.7e-24 1
P0DJ48 2.5e-24 1
P81162 4e-24 1
D2Y488 1.1e-23 1
P49223 1.8e-23 1
Q9EPX2 4.4e-23 1
H2A0N9 1.7e-23 1
P0DJ77 3.8e-23 1
P26227 3.8e-23 1
P19859 3.9e-23 1
P0DJ66 8.4e-23 1
P10832 7.5e-23 1
B2KTG2 1.1e-22 1
P10831 1.2e-22 1
Q1RPS9 1.9e-22 1
Q1RPS8 2.6e-22 1
D2Y2Q9 1.1e-21 1
O73683 2.2e-21 1
D2Y2G1 1.8e-21 1
D2Y2Q7 2.1e-21 1
P81906 2.1e-21 1
D2Y2Q8 3.5e-21 1
Q2UY11 5.5e-21 1
Q02388 1.1e-20 1
P07481 9.1e-21 1
D2Y2Q1 1.1e-20 1
B2ZBC0 1.2e-20 1
D2Y2Q6 2.6e-20 1
P0CY85 2.9e-20 1
P0DJ80 3.7e-20 1
B2ZBB8 3.7e-20 1
P0DJ78 3.7e-20 1
P0DJ79 7.6e-20 1
D2Y2F8 8.7e-20 1
P0DJ70 9.8e-20 1
D2Y2F6 9.8e-20 1
D2Y2F5 1.1e-19 1
P0DJ71 1.1e-19 1
P0DJ67 1.2e-19 1
Q75S50 2.3e-19 1
P0DMW9 2.7e-19 1
P0DJ64 6.6e-19 1
P0DJ65 8.4e-19 1
D2Y2F7 9.5e-19 1
P0DJ73 9.5e-19 1
P0DJ81 4.2e-18 1
D2Y2G0 1.3e-17 1
P0DJ68 1.4e-17 1
B4ESA2 1.9e-17 1
C0LNR2 4.5e-17 1
Q8IUA0 6.8e-17 1
