Q868Z9 2.7e-200 1
Q02445 1.5e-72 1
Q28864 1.2e-71 1
O54819 2e-70 1
P19761 3.8e-70 1
Q03610 1.6e-61 1
P48307 2.9e-51 1
W4VSH9 3.8e-50 1
Q6T269 6.6e-50 1
O35536 1.6e-49 1
Q8WPI3 5.7e-49 1
P04365 2.1e-42 1
B2BS84 1.1e-40 1
Q08E66 5e-40 1
P62757 2.5e-39 1
Q60559 5.8e-39 1
Q64240 5.6e-37 1
Q8TEU8 1.8e-36 1
Q6ITB4 1.7e-32 1
Q6ITB9 1.8e-32 1
P0DMW7 7.1e-32 1
P0DMW6 8.7e-32 1
P81129 1e-31 1
Q90W99 5.6e-31 1
C0HK72 5.6e-31 1
Q2ES47 9.8e-31 1
B7S4N9 1e-30 1
P12023 1.3e-30 1
B6RLX2 1.4e-30 1
Q60495 1.6e-30 1
P10280 1.7e-30 1
Q2ES46 1.8e-30 1
F8J2F3 2.6e-30 1
B5KF96 2.7e-30 1
C1IC52 2.9e-30 1
Q6T6T5 3.2e-30 1
B5KF95 4.9e-30 1
F8J2F5 7.7e-30 1
A6MFL3 8.5e-30 1
A8Y7N9 8.9e-30 1
B5L5R7 9.1e-30 1
P00993 1.1e-29 1
P0DN11 1.1e-29 1
B5KL39 1.6e-29 1
A5X2X1 1.9e-29 1
Q9TWF9 2.4e-29 1
B5KL38 2.8e-29 1
P00976 3.5e-29 1
P00994 5.2e-29 1
P00992 6.7e-29 1
C0HJU6 9.2e-29 1
P81547 9.7e-29 1
P0DN17 1.1e-28 1
P0DMX0 1.1e-28 1
Q8T3S7 1.3e-28 1
Q6ITC0 1.3e-28 1
P0DN20 1.6e-28 1
P0DJ50 1.7e-28 1
A6MGX9 1.8e-28 1
P0DKL8 2.3e-28 1
F8J2F4 2.3e-28 1
B5L5R4 2.9e-28 1
B2KTG1 3e-28 1
Q29428 3e-28 1
A0A1Z0YU59 3.8e-28 1
C1IC53 4.1e-28 1
B5L5Q8 4.4e-28 1
F6ULY1 4.4e-28 1
A6MFL2 5.1e-28 1
H2A0P0 5.4e-28 1
E7FL13 6.3e-28 1
O62845 6.5e-28 1
P81902 1e-27 1
B5KL41 1e-27 1
P20229 1.1e-27 1
P0DN07 1.1e-27 1
E7FL11 1.2e-27 1
B5KL32 1.2e-27 1
B5KF94 1.3e-27 1
Q6ITC1 3.2e-27 1
A8Y7P5 3.7e-27 1
P0DN18 4.4e-27 1
Q6ITB8 5.6e-27 1
F8J2F6 9e-27 1
Q6ITB2 1.5e-26 1
Q8AY43 1.5e-26 1
Q90W96 2.4e-26 1
A7X3V4 2.8e-26 1
Q29143 3.6e-26 1
B5KL27 4.1e-26 1
B5KL29 5.5e-26 1
O93279 5.9e-26 1
H2A0N1 7e-26 1
Q8R0S6 7.3e-26 1
A8Y7N4 1.1e-25 1
A8Y7N5 1.2e-25 1
A8Y7P0 1.3e-25 1
Q2ES50 1.3e-25 1
Q8AY42 1.7e-25 1
A8Y7N8 1.7e-25 1
A8Y7P4 2.4e-25 1
A8Y7P2 2.4e-25 1
P0DJ45 2.9e-25 1
D8KY58 3e-25 1
P82968 5e-25 1
H2A0M2 5.6e-25 1
Q90W97 6.1e-25 1
Q9BDL1 6.1e-25 1
B5L5R6 9.6e-25 1
P16344 1.6e-24 1
Q9DA01 1.9e-24 1
P0DN15 2.1e-24 1
D2Y491 2.8e-24 1
P16044 3.1e-24 1
P0DJ47 5.3e-24 1
D2Y490 5.7e-24 1
O95428 6.8e-24 1
P0DN16 2.1e-23 1
H2A0N5 2.7e-23 1
P68425 3.1e-23 1
Q8T0W4 4e-23 1
B5L5Q6 4.1e-23 1
B2ZBB6 5e-23 1
P0DJ76 1.2e-22 1
P86964 1.2e-22 1
Q589G4 1.5e-22 1
Q9D263 2.1e-22 1
P11424 2.4e-22 1
P0DMJ1 4.2e-22 1
B5L5Q3 9.9e-22 1
D2Y2Q2 1.4e-21 1
P0DJ84 1.5e-21 1
P0DJ82 1.8e-21 1
Q7T2Q6 3.1e-21 1
Q63870 5.1e-21 1
P0C1X2 5.7e-21 1
D2Y2Q5 8.1e-21 1
Q2UY09 8.1e-21 1
Q6UDR6 1.3e-20 1
B2KTG3 1.4e-20 1
P0DJ85 1.9e-20 1
Q0PL65 2.1e-20 1
P0DJ75 3e-20 1
D2Y2C2 7.9e-20 1
P0DJ72 8e-20 1
D2Y2F4 9.5e-20 1
P0DJ69 1.1e-19 1
P0DJ74 1.1e-19 1
B2ZBB9 1.2e-19 1
Q8AY44 2e-19 1
Q1RPT0 2.5e-19 1
P00989 2.5e-19 1
Q8AY45 2.5e-19 1
D2Y2F3 5.3e-19 1
D2Y2F9 6.8e-19 1
P0DMW8 1.5e-18 1
D2Y2G2 1.1e-17 1
Q75S49 3.1e-17 1
Q8AY46 3.3e-17 1
Q9W728 4.2e-17 1
P00987 4.6e-17 1
Q7Z1K3 3e-16 1
Q2ES49 2.5e-15 1
P26226 2.7e-15 1
G9I929 3.1e-15 1
P0CAR0 1.8e-14 1
Q9BQY6 2e-13 1
P0CH75 5e-13 1
P86963 4.1e-12 1
Q11101 5.9e-11 1
O62247 1.6e-05 1
D3GGZ8 7.3e-05 1
