Q868Z9 1.9e-22 1
Q02445 1.1e-29 1
Q28864 1.5e-30 1
O54819 2.1e-29 1
P19761 1.5e-29 1
Q03610 3.7e-20 1
P48307 8.2e-25 1
W4VSH9 6e-29 1
Q6T269 1.2e-26 1
O35536 3.4e-26 1
Q8WPI3 2.5e-29 1
P04365 5.4e-25 1
B2BS84 2.3e-23 1
Q08E66 7.2e-27 1
P62757 3.2e-22 1
Q60559 2.9e-22 1
Q64240 5.1e-21 1
Q8TEU8 4e-25 1
Q6ITB4 1.9e-32 1
Q6ITB9 2e-32 1
P0DMW7 7.5e-32 1
P0DMW6 9.3e-32 1
P81129 1.1e-31 1
Q90W99 6.3e-31 1
C0HK72 5.9e-31 1
Q2ES47 1.1e-30 1
B7S4N9 1.2e-30 1
P12023 2.3e-30 1
B6RLX2 1.6e-30 1
Q60495 2.8e-30 1
P10280 1.9e-30 1
Q2ES46 2.2e-30 1
F8J2F3 3e-30 1
B5KF96 3e-30 1
C1IC52 3.4e-30 1
Q6T6T5 3.8e-30 1
B5KF95 5.6e-30 1
F8J2F5 8.8e-30 1
A6MFL3 9.7e-30 1
A8Y7N9 1.1e-29 1
B5L5R7 1e-29 1
P00993 1.1e-29 1
P0DN11 1.4e-29 1
B5KL39 1.8e-29 1
A5X2X1 3.6e-29 1
Q9TWF9 2.7e-29 1
B5KL38 3.2e-29 1
P00976 3.9e-29 1
P00994 5.6e-29 1
P00992 7.9e-29 1
C0HJU6 9.7e-29 1
P81547 1.1e-28 1
P0DN17 1.4e-28 1
P0DMX0 1.2e-28 1
Q8T3S7 1.5e-28 1
Q6ITC0 1.4e-28 1
P0DN20 2e-28 1
P0DJ50 2.2e-28 1
A6MGX9 2.1e-28 1
P0DKL8 2.5e-28 1
F8J2F4 2.7e-28 1
B5L5R4 3.3e-28 1
B2KTG1 3.4e-28 1
Q29428 4.5e-28 1
A0A1Z0YU59 4e-28 1
C1IC53 4.9e-28 1
B5L5Q8 5e-28 1
F6ULY1 7.8e-28 1
A6MFL2 5.8e-28 1
H2A0P0 1.5e-17 1
E7FL13 7.2e-28 1
O62845 9.3e-28 1
P81902 1.2e-27 1
B5KL41 1.2e-27 1
P20229 1.2e-27 1
P0DN07 1.4e-27 1
E7FL11 1.4e-27 1
B5KL32 1.4e-27 1
B5KF94 1.5e-27 1
Q6ITC1 3.7e-27 1
A8Y7P5 4.3e-27 1
P0DN18 5.6e-27 1
Q6ITB8 6.4e-27 1
F8J2F6 1e-26 1
Q6ITB2 1.7e-26 1
Q8AY43 1.8e-26 1
Q90W96 2.7e-26 1
A7X3V4 3.3e-26 1
Q29143 4.6e-26 1
B5KL27 4.7e-26 1
B5KL29 6.3e-26 1
O93279 1.1e-25 1
H2A0N1 3.6e-15 1
Q8R0S6 1.9e-21 1
A8Y7N4 1.3e-25 1
A8Y7N5 1.4e-25 1
A8Y7P0 1.5e-25 1
Q2ES50 1.5e-25 1
Q8AY42 2e-25 1
A8Y7N8 2e-25 1
A8Y7P4 2.7e-25 1
A8Y7P2 2.8e-25 1
P0DJ45 3.5e-25 1
D8KY58 3.5e-25 1
P82968 5e-25 1
H2A0M2 8.7e-25 1
Q90W97 6.9e-25 1
Q9BDL1 1.2e-24 1
B5L5R6 1.1e-24 1
P16344 1.7e-24 1
Q9DA01 3.6e-24 1
P0DN15 2.6e-24 1
D2Y491 3e-24 1
P16044 3.5e-24 1
P0DJ47 6.1e-24 1
D2Y490 6.2e-24 1
O95428 1.7e-23 1
P0DN16 2.5e-23 1
H2A0N5 1.2e-13 1
P68425 3.8e-23 1
Q8T0W4 5.3e-23 1
B5L5Q6 4.7e-23 1
B2ZBB6 6e-23 1
P0DJ76 1.4e-22 1
P86964 2.9e-13 1
Q589G4 1.6e-22 1
Q9D263 2.9e-22 1
P11424 2.7e-22 1
P0DMJ1 5.2e-22 1
B5L5Q3 1.1e-21 1
D2Y2Q2 1.7e-21 1
P0DJ84 1.8e-21 1
P0DJ82 2.1e-21 1
Q7T2Q6 3.5e-21 1
Q63870 1.1e-20 1
P0C1X2 8.8e-21 1
D2Y2Q5 9.8e-21 1
Q2UY09 1.7e-20 1
Q6UDR6 2.1e-20 1
B2KTG3 1.6e-20 1
P0DJ85 2.3e-20 1
Q0PL65 2.3e-20 1
P0DJ75 3.7e-20 1
D2Y2C2 9.8e-20 1
P0DJ72 9.8e-20 1
D2Y2F4 1.2e-19 1
P0DJ69 1.4e-19 1
P0DJ74 1.4e-19 1
B2ZBB9 1.5e-19 1
Q8AY44 2.3e-19 1
Q1RPT0 2.9e-19 1
P00989 2.9e-19 1
Q8AY45 2.9e-19 1
D2Y2F3 6.6e-19 1
D2Y2F9 8.4e-19 1
P0DMW8 1.6e-18 1
D2Y2G2 1.4e-17 1
Q75S49 3.7e-17 1
Q8AY46 3.8e-17 1
Q9W728 5e-17 1
P00987 5.4e-17 1
Q7Z1K3 3.8e-16 1
Q2ES49 3e-15 1
P26226 2.7e-15 1
G9I929 3.9e-15 1
P0CAR0 1.9e-14 1
Q9BQY6 4.8e-13 1
P0CH75 5.5e-13 1
P86963 2.5e-11 1
Q11101 1.5e-10 1
O62247 4e-05 1
D3GGZ8 5e-05 1
