P84875 1.4e-67 1
P83606 2.1e-63 1
Q7YRQ8 7.1e-58 1
P86733 2.3e-52 1
Q8WPI2 4e-49 1
Q9WU03 8.5e-44 1
O43291 1.3e-43 1
O43278 7.4e-40 1
P62756 2.5e-39 1
Q9R097 5.8e-39 1
P00978 6e-39 1
P83609 9.2e-39 1
Q62577 2.9e-38 1
Q7TQN3 8.1e-38 1
Q07456 8.9e-38 1
P02760 1.2e-37 1
P04366 1.6e-36 1
Q6NUX0 2.1e-35 1
P00975 2.7e-35 1
P04815 4.8e-34 1
Q6ITB6 1.7e-32 1
Q6ITB5 2e-32 1
Q90WA0 2e-32 1
P00980 6.7e-32 1
P00982 1.1e-31 1
Q6ITB7 1.5e-31 1
Q90W98 2e-31 1
P00981 2.5e-31 1
P0DMJ6 4e-31 1
Q7LZS8 4e-31 1
P00985 5.2e-31 1
C0HLB2 5.5e-31 1
C0HJU7 5.6e-31 1
C0HK74 8.4e-31 1
P00984 9.6e-31 1
Q7LZE3 9.6e-31 1
Q6ITB0 1.5e-30 1
Q6ITB1 1.5e-30 1
P00979 1.7e-30 1
Q9TWG0 1.7e-30 1
B5L5R0 1.8e-30 1
B5G6G6 1.8e-30 1
P0DMJ5 1.8e-30 1
A6MGY1 3.7e-30 1
P0DN08 3.8e-30 1
B5L5M7 3.9e-30 1
P00986 4e-30 1
P0DN09 4.1e-30 1
P0DN06 4.9e-30 1
B5KL36 4.9e-30 1
Q6T6S5 5.1e-30 1
C1IC51 6.5e-30 1
B5KL37 8.7e-30 1
C1IC50 9.5e-30 1
P86862 1.3e-29 1
C0HJF3 1.3e-29 1
P0DN12 1.3e-29 1
C0HJF4 1.6e-29 1
C0HK73 1.8e-29 1
P00991 2e-29 1
B5KL40 2.4e-29 1
B5KL35 2.6e-29 1
Q9TWF8 3.4e-29 1
Q29100 3.6e-29 1
A6MFL4 3.7e-29 1
P0DMJ4 4.3e-29 1
P0DL86 4.7e-29 1
P24541 4.7e-29 1
P25660 5e-29 1
B5KL34 7.6e-29 1
P0DN13 8.3e-29 1
P0DN19 1e-28 1
B2G331 1.8e-28 1
P0DN10 1.9e-28 1
A8Y7N6 2.2e-28 1
A6MFL1 2.2e-28 1
A8Y7N7 2.2e-28 1
E7FL12 2.9e-28 1
B5L5R1 3.2e-28 1
E5AJX3 3.5e-28 1
Q6ITB3 4e-28 1
B5KL33 4e-28 1
P0DMJ2 4.9e-28 1
P0DN14 5e-28 1
B1B5I8 6.5e-28 1
P0DMJ3 7.8e-28 1
B5KL31 1.1e-27 1
P36992 1.4e-27 1
P15989 1.5e-27 1
B5KL30 1.7e-27 1
Q2ES48 1.8e-27 1
Q06481 2.1e-27 1
P15943 2.7e-27 1
Q28201 3e-27 1
P26228 3.1e-27 1
A8Y7P1 3.6e-27 1
B4ESA3 4.6e-27 1
P81548 6.7e-27 1
Q8AY41 1.2e-26 1
Q3UW55 1.4e-26 1
P82966 1.5e-26 1
D4A2Z2 1.5e-26 1
P0C8W3 2.4e-26 1
I2G9B4 2.5e-26 1
P00990 5.4e-26 1
P0DJ46 6.2e-26 1
P0C5J5 7.5e-26 1
A8Y7P6 8.3e-26 1
H6VC06 9.5e-26 1
H6VC05 1.1e-25 1
B4ESA4 1.3e-25 1
Q4KUS1 1.4e-25 1
B5L5Q1 1.6e-25 1
A8Y7P3 1.6e-25 1
O95925 1.7e-25 1
P86959 4.2e-25 1
B5KL28 4.8e-25 1
Q5ZPJ7 5e-25 1
A7X3V7 7.5e-25 1
P00983 9.1e-25 1
D2Y489 1.5e-24 1
P0DJ49 1.5e-24 1
P0DJ48 2.2e-24 1
P81162 3.4e-24 1
D2Y488 9.3e-24 1
P49223 1.4e-23 1
Q9EPX2 1.6e-23 1
H2A0N9 1.7e-23 1
P0DJ77 3.1e-23 1
P26227 3.6e-23 1
P19859 3.6e-23 1
P0DJ66 4.5e-23 1
P10832 6.7e-23 1
B2KTG2 1e-22 1
P10831 1.1e-22 1
Q1RPS9 1.6e-22 1
Q1RPS8 2.2e-22 1
D2Y2Q9 8.7e-22 1
O73683 1.3e-21 1
D2Y2G1 1.5e-21 1
D2Y2Q7 1.7e-21 1
P81906 1.8e-21 1
D2Y2Q8 2.9e-21 1
Q2UY11 2.9e-21 1
Q02388 7e-21 1
P07481 8.3e-21 1
D2Y2Q1 9e-21 1
B2ZBC0 9.6e-21 1
D2Y2Q6 2.2e-20 1
P0CY85 2.3e-20 1
P0DJ80 3e-20 1
B2ZBB8 3e-20 1
P0DJ78 3e-20 1
P0DJ79 6.1e-20 1
D2Y2F8 7e-20 1
P0DJ70 7.9e-20 1
D2Y2F6 8e-20 1
D2Y2F5 9e-20 1
P0DJ71 9e-20 1
P0DJ67 9.5e-20 1
Q75S50 2e-19 1
P0DMW9 2.6e-19 1
P0DJ64 5.3e-19 1
P0DJ65 6.8e-19 1
D2Y2F7 7.7e-19 1
P0DJ73 7.7e-19 1
P0DJ81 3.4e-18 1
D2Y2G0 1e-17 1
P0DJ68 1.1e-17 1
B4ESA2 1.6e-17 1
C0LNR2 3.4e-17 1
Q8IUA0 6.8e-17 1
